bianca_sunrays:78 [Deprecation] The keyword 'searchfield-cancel-button' specified to an 'appearance' property is not standardized. It will be removed in the future.
gtm.js?id=GTM-WL69NPH&gtm_auth=frvvXcvTLPB7RSj2zHeAtQ&gtm_preview=env-2&gtm_cookies_win=x:539 GTM PTag v1.4; tagId: 2613101743729
gtm.js?id=GTM-WL69NPH&gtm_auth=frvvXcvTLPB7RSj2zHeAtQ&gtm_preview=env-2&gtm_cookies_win=x:539 GTM PTag v1.4; tagId: 2613101743729
gtm.js?id=GTM-WL69NPH&gtm_auth=frvvXcvTLPB7RSj2zHeAtQ&gtm_preview=env-2&gtm_cookies_win=x:539 Firing Pinterest event: pagevisit
gtm.js?id=GTM-WL69NPH&gtm_auth=frvvXcvTLPB7RSj2zHeAtQ&gtm_preview=env-2&gtm_cookies_win=x:539 Event Data:
gtm.js?id=GTM-WL69NPH&gtm_auth=frvvXcvTLPB7RSj2zHeAtQ&gtm_preview=env-2&gtm_cookies_win=x:539 Object
 Deprecation warning: value provided is not in a recognized RFC2822 or ISO format. moment construction falls back to js Date(), which is not reliable across all browsers and versions. Non RFC2822/ISO date formats are discouraged. Please refer to http://momentjs.com/guides/#/warnings/js-date/ for more info.
Arguments: 
[0] _isAMomentObject: true, _isUTC: false, _useUTC: false, _l: undefined, _i: 10/11/2023 08:27:54, _f: undefined, _strict: undefined, _locale: [object Object]
Error
    at Function.createFromInputFallback (chrome-extension://fehkmdemphhohcbggclooebcggikmodo/js/content.js:641:3220)
    at Di (chrome-extension://fehkmdemphhohcbggclooebcggikmodo/js/content.js:641:27731)
    at Vi (chrome-extension://fehkmdemphhohcbggclooebcggikmodo/js/content.js:641:31079)
    at $i (chrome-extension://fehkmdemphhohcbggclooebcggikmodo/js/content.js:641:30945)
    at Ui (chrome-extension://fehkmdemphhohcbggclooebcggikmodo/js/content.js:641:30663)
    at Gi (chrome-extension://fehkmdemphhohcbggclooebcggikmodo/js/content.js:641:31437)
    at Ki (chrome-extension://fehkmdemphhohcbggclooebcggikmodo/js/content.js:641:31471)
    at s (chrome-extension://fehkmdemphhohcbggclooebcggikmodo/js/content.js:641:89)
    at chrome-extension://fehkmdemphhohcbggclooebcggikmodo/js/content.js:402:30369
w @ chrome-extension://f…o/js/content.js:641
 43
 
            Lulus First Kiss Red Lace Dress, Crochet
          
 42
 
            Lulus Transatlantic Voyage Blue and Ivory Striped Midi Dress
          
 41
 
            Banana Republic Fulton Chino, Light Gray, 32 x 34
          
 40
 
            J. Crew Autumnal Plaid Shirt with Suede Elbow Patch, Medium Tall
          
 39
 
            J. Crew Classic-Fit Boy Shirt in Mini Buffalo Check | Red &amp; Black
          
 38
 
            Black &amp; White Houndstooth Scarf
          
 37
 
            J.Crew Floral Knee-Length Skirt in Hibiscus
          
 36
 
            The Carry On Cocktail Kit, Old Fashioned, from W&amp;P Design (1 of 2)
          
 35
 
            Green and White Gold-Toned Statement Necklace
          
 34
 
            Claire's Silver-Toned Rhinestone Scalloped Necklace
          
 33
 
            Banana Republic Long-Sleeved Plaid Flannel Shirt | Green, Navy, White | Medium
          
 32
 
            J. Crew T-shirt dress in Nautical Stripe | Navy &amp; White
          
 31
 
            H&amp;M Floral Butterfly Pink Dress
          
 30
 
            J. Crew Factory Tropical Shirt, Medium
          
 29
 
            Express Black &amp; White Portofino Long-Sleeved Button-Up Blouse
          
 28
 
            Rhinestone Black-Toned Necklace
          
 27
 
            Green and Rhinestone Gold-Toned Statement Necklace
          
 26
 
            Levi's 711 Skinny Jeans 27" Medium Wash
          
 Object
 Object
 25
 
            Monteau Royal Blue Dress
          
bianca_sunrays:1 [Deprecation] The keyword 'searchfield-cancel-button' specified to an 'appearance' property is not standardized. It will be removed in the future.
 24
 
            The Carry On Cocktail Kit, Old Fashioned, from W&amp;P Design (2 of 2)
          
 23
 
            Banana Republic Fulton Chino, Dark Gray, 32 x 34
          
 22
 
            J.Crew Daisylace Dress in Coral
          
 21
 
            Ann Taylor Cherry Print Shift Dress
          
 20
 
            J. Crew No. 2 Pencil Skirt in Italian Stretch Wool in Heather Gray
          
 19
 
            WHBM Dalmatian, Cruella de Vil Polka Dot Tiered Pencil Skirt
          
 18
 
            Disney Heroes - Hercules Action Figure - Autographed by Rubén Procopio
          
 17
 
            Vintage Christmas Dress, Small
          
 16
 
            Guess Black Sleeveless Deep-V Cocktail Dress, XS
          
 15
 
            J. Crew 9" High-Rise Toothpick 26 in Classic Rinse wash, NWT
          
 14
 
            AFRM Black Floral Babydoll Dress with Sheer Long Sleeves
          
 {status: 200}
 {status: 200}
 13
 
            BT21 Doodles Purple Scuba Skirt (BTS)
          
 12
 
            Vince Keyhole Sleeveless Shift Dress, Black
          
 11
 
            Karen Millen Colorblock Bodycon Fit &amp; Flare Dress in White, Black, Blue
          
 10
 
            Guess Perforated Illusion Sleeveless Dress, Black
          
 9
 
            Madewell 9" High-Rise Skinny 26 in Black NWOT
          
 8
 
            Flapper Dress &amp; Headband | Black with Gold Sequins &amp; Beads | Unique Vintage
          
 7
 
            Pet Sematary T-Shirt, Small, NWT
          
 6
 
            Ghostbusters Retro Library Ghost Raglan T-Shirt, Unisex, Small, NWT
          
 5
 
            Ghostbusters T-Shirt, Extra-Small, Unisex, NWT
          
 4
 
            Ghostbusters Icons Argyle Plaid Bardot Swing Dress, XS
          
 3
 
            Pet Sematary "Sometimes dead is better" T-Shirt, Small, Unisex, NWT
          
 2
 
            Pinup Couture Jenny Skirt in Mary Blair Umbrellas Print
          
 1
 
            Disney Heroes - Prince Phillip Action Figure - Autographed by Rubén Procopio
          
chrome-extension://c…ripts/content.js:45 Uncaught TypeError: Cannot read properties of undefined (reading 'closest')
    at clickFirstShare (chrome-extension://c…ts/content.js:45:32)
    at clickFirstShare (chrome-extension://c…pts/content.js:61:3)
clickFirstShare @ chrome-extension://c…ripts/content.js:45
clickFirstShare @ chrome-extension://c…ripts/content.js:61
setTimeout (async)
endOrContinue @ chrome-extension://c…ripts/content.js:34
setTimeout (async)
afterFirstShare @ chrome-extension://c…ripts/content.js:70
clickFirstShare @ chrome-extension://c…ripts/content.js:57
setTimeout (async)
endOrContinue @ chrome-extension://c…ripts/content.js:34
setTimeout (async)
afterFirstShare @ chrome-extension://c…ripts/content.js:70
clickFirstShare @ chrome-extension://c…ripts/content.js:57
setTimeout (async)
endOrContinue @ chrome-extension://c…ripts/content.js:34
setTimeout (async)
afterFirstShare @ chrome-extension://c…ripts/content.js:70
clickFirstShare @ chrome-extension://c…ripts/content.js:57
setTimeout (async)
endOrContinue @ chrome-extension://c…ripts/content.js:34
setTimeout (async)
afterFirstShare @ chrome-extension://c…ripts/content.js:70
clickFirstShare @ chrome-extension://c…ripts/content.js:57
setTimeout (async)
endOrContinue @ chrome-extension://c…ripts/content.js:34
setTimeout (async)
afterFirstShare @ chrome-extension://c…ripts/content.js:70
clickFirstShare @ chrome-extension://c…ripts/content.js:57
setTimeout (async)
endOrContinue @ chrome-extension://c…ripts/content.js:34
setTimeout (async)
afterFirstShare @ chrome-extension://c…ripts/content.js:70
clickFirstShare @ chrome-extension://c…ripts/content.js:57
 {status: 200}
 {status: 200}
