bianca_sunrays:78 [Deprecation] The keyword 'searchfield-cancel-button' specified to an 'appearance' property is not standardized. It will be removed in the future.
gtm.js?id=GTM-WL69NPH&gtm_auth=frvvXcvTLPB7RSj2zHeAtQ&gtm_preview=env-2&gtm_cookies_win=x:536 GTM PTag v1.4; tagId: 2613101743729
In the future, Permissions Policy feature join-ad-interest-group will not be enabled by default in cross-origin iframes or same-origin iframes nested in cross-origin iframes. Calling joinAdInterestGroup will be rejected with NotAllowedError if it is not explicitly enabled
In the future, Permissions Policy feature join-ad-interest-group will not be enabled by default in cross-origin iframes or same-origin iframes nested in cross-origin iframes. Calling joinAdInterestGroup will be rejected with NotAllowedError if it is not explicitly enabled
In the future, Permissions Policy feature join-ad-interest-group will not be enabled by default in cross-origin iframes or same-origin iframes nested in cross-origin iframes. Calling joinAdInterestGroup will be rejected with NotAllowedError if it is not explicitly enabled
In the future, Permissions Policy feature join-ad-interest-group will not be enabled by default in cross-origin iframes or same-origin iframes nested in cross-origin iframes. Calling joinAdInterestGroup will be rejected with NotAllowedError if it is not explicitly enabled
In the future, Permissions Policy feature join-ad-interest-group will not be enabled by default in cross-origin iframes or same-origin iframes nested in cross-origin iframes. Calling joinAdInterestGroup will be rejected with NotAllowedError if it is not explicitly enabled
In the future, Permissions Policy feature join-ad-interest-group will not be enabled by default in cross-origin iframes or same-origin iframes nested in cross-origin iframes. Calling joinAdInterestGroup will be rejected with NotAllowedError if it is not explicitly enabled
In the future, Permissions Policy feature join-ad-interest-group will not be enabled by default in cross-origin iframes or same-origin iframes nested in cross-origin iframes. Calling joinAdInterestGroup will be rejected with NotAllowedError if it is not explicitly enabled
Enum executionMode used deprecated value groupByOrigin -- "dashed-naming" should be used instead of "camelCase".
Enum executionMode used deprecated value groupByOrigin -- "dashed-naming" should be used instead of "camelCase".
Enum executionMode used deprecated value groupByOrigin -- "dashed-naming" should be used instead of "camelCase".
Enum executionMode used deprecated value groupByOrigin -- "dashed-naming" should be used instead of "camelCase".
Enum executionMode used deprecated value groupByOrigin -- "dashed-naming" should be used instead of "camelCase".
Enum executionMode used deprecated value groupByOrigin -- "dashed-naming" should be used instead of "camelCase".
Enum executionMode used deprecated value groupByOrigin -- "dashed-naming" should be used instead of "camelCase".
In the future, Permissions Policy feature join-ad-interest-group will not be enabled by default in cross-origin iframes or same-origin iframes nested in cross-origin iframes. Calling leaveAdInterestGroup will be rejected with NotAllowedError if it is not explicitly enabled
In the future, Permissions Policy feature join-ad-interest-group will not be enabled by default in cross-origin iframes or same-origin iframes nested in cross-origin iframes. Calling leaveAdInterestGroup will be rejected with NotAllowedError if it is not explicitly enabled
In the future, Permissions Policy feature join-ad-interest-group will not be enabled by default in cross-origin iframes or same-origin iframes nested in cross-origin iframes. Calling leaveAdInterestGroup will be rejected with NotAllowedError if it is not explicitly enabled
In the future, Permissions Policy feature join-ad-interest-group will not be enabled by default in cross-origin iframes or same-origin iframes nested in cross-origin iframes. Calling leaveAdInterestGroup will be rejected with NotAllowedError if it is not explicitly enabled
In the future, Permissions Policy feature join-ad-interest-group will not be enabled by default in cross-origin iframes or same-origin iframes nested in cross-origin iframes. Calling leaveAdInterestGroup will be rejected with NotAllowedError if it is not explicitly enabled
In the future, Permissions Policy feature join-ad-interest-group will not be enabled by default in cross-origin iframes or same-origin iframes nested in cross-origin iframes. Calling leaveAdInterestGroup will be rejected with NotAllowedError if it is not explicitly enabled
In the future, Permissions Policy feature join-ad-interest-group will not be enabled by default in cross-origin iframes or same-origin iframes nested in cross-origin iframes. Calling leaveAdInterestGroup will be rejected with NotAllowedError if it is not explicitly enabled
gtm.js?id=GTM-WL69NPH&gtm_auth=frvvXcvTLPB7RSj2zHeAtQ&gtm_preview=env-2&gtm_cookies_win=x:536 GTM PTag v1.4; tagId: 2613101743729
gtm.js?id=GTM-WL69NPH&gtm_auth=frvvXcvTLPB7RSj2zHeAtQ&gtm_preview=env-2&gtm_cookies_win=x:536 Firing Pinterest event: pagevisit
gtm.js?id=GTM-WL69NPH&gtm_auth=frvvXcvTLPB7RSj2zHeAtQ&gtm_preview=env-2&gtm_cookies_win=x:536 Event Data:
gtm.js?id=GTM-WL69NPH&gtm_auth=frvvXcvTLPB7RSj2zHeAtQ&gtm_preview=env-2&gtm_cookies_win=x:536 Object
content.js:641 Deprecation warning: value provided is not in a recognized RFC2822 or ISO format. moment construction falls back to js Date(), which is not reliable across all browsers and versions. Non RFC2822/ISO date formats are discouraged. Please refer to http://momentjs.com/guides/#/warnings/js-date/ for more info.
Arguments: 
[0] _isAMomentObject: true, _isUTC: false, _useUTC: false, _l: undefined, _i: 10/12/2023 11:37:59, _f: undefined, _strict: undefined, _locale: [object Object]
Error
    at Function.createFromInputFallback (chrome-extension://fehkmdemphhohcbggclooebcggikmodo/js/content.js:641:3220)
    at Di (chrome-extension://fehkmdemphhohcbggclooebcggikmodo/js/content.js:641:27731)
    at Vi (chrome-extension://fehkmdemphhohcbggclooebcggikmodo/js/content.js:641:31079)
    at $i (chrome-extension://fehkmdemphhohcbggclooebcggikmodo/js/content.js:641:30945)
    at Ui (chrome-extension://fehkmdemphhohcbggclooebcggikmodo/js/content.js:641:30663)
    at Gi (chrome-extension://fehkmdemphhohcbggclooebcggikmodo/js/content.js:641:31437)
    at Ki (chrome-extension://fehkmdemphhohcbggclooebcggikmodo/js/content.js:641:31471)
    at s (chrome-extension://fehkmdemphhohcbggclooebcggikmodo/js/content.js:641:89)
    at chrome-extension://fehkmdemphhohcbggclooebcggikmodo/js/content.js:402:30369
w @ content.js:641
Show 1 more frame
Show less
bianca_sunrays:1 [Deprecation] The keyword 'searchfield-cancel-button' specified to an 'appearance' property is not standardized. It will be removed in the future.
content.js:41 40
content.js:42 
            J. Crew Factory Tropical Shirt, Medium
          
content.js:41 39
content.js:42 
            Banana Republic Long-Sleeved Plaid Flannel Shirt | Green, Navy, White | Medium
          
content.js:41 38
content.js:42 
            J. Crew Classic-Fit Boy Shirt in Mini Buffalo Check | Red &amp; Black
          
content.js:41 37
content.js:42 
            Black &amp; White Houndstooth Scarf
          
content.js:41 36
content.js:42 
            J.Crew Floral Knee-Length Skirt in Hibiscus
          
content.js:41 35
content.js:42 
            The Carry On Cocktail Kit, Old Fashioned, from W&amp;P Design (1 of 2)
          
content.js:41 34
content.js:42 
            Green and White Gold-Toned Statement Necklace
          
content.js:41 33
content.js:42 
            Claire's Silver-Toned Rhinestone Scalloped Necklace
          
content.js:41 32
content.js:42 
            J. Crew T-shirt dress in Nautical Stripe | Navy &amp; White
          
content.js:41 31
content.js:42 
            H&amp;M Floral Butterfly Pink Dress
          
content.js:41 30
content.js:42 
            Express Black &amp; White Portofino Long-Sleeved Button-Up Blouse
          
content.js:41 29
content.js:42 
            Rhinestone Black-Toned Necklace
          
content.js:41 28
content.js:42 
            Green and Rhinestone Gold-Toned Statement Necklace
          
content.js:41 27
content.js:42 
            Levi's 711 Skinny Jeans 27" Medium Wash
          
content.js:41 26
content.js:42 
            Monteau Royal Blue Dress
          
content.js:402 {status: 200}
content.js:402 {status: 200}
content.js:41 25
content.js:42 
            The Carry On Cocktail Kit, Old Fashioned, from W&amp;P Design (2 of 2)
          
content.js:41 24
content.js:42 
            Disney Heroes - Hercules Action Figure - Autographed by Rubén Procopio
          
content.js:41 23
content.js:42 
            AFRM Black Floral Babydoll Dress with Sheer Long Sleeves
          
content.js:41 22
content.js:42 
            Madewell 9" High-Rise Skinny 26 in Black NWOT
          
content.js:41 21
content.js:42 
            Ghostbusters Retro Library Ghost Raglan T-Shirt, Unisex, Small, NWT
          
content.js:402 {status: 200}
content.js:402 {status: 200}
content.js:41 20
content.js:42 
            Guess Black Sleeveless Deep-V Cocktail Dress, XS
          
content.js:41 19
content.js:42 
            Ann Taylor Cherry Print Shift Dress
          
content.js:41 18
content.js:42 
            Lulus First Kiss Red Lace Dress, Crochet
          
content.js:41 17
content.js:42 
            Lulus Transatlantic Voyage Blue and Ivory Striped Midi Dress
          
content.js:41 16
content.js:42 
            Karen Millen Colorblock Bodycon Fit &amp; Flare Dress in White, Black, Blue
          
content.js:41 15
content.js:42 
            Ghostbusters T-Shirt, Extra-Small, Unisex, NWT
          
content.js:41 14
content.js:42 
            J. Crew No. 2 Pencil Skirt in Italian Stretch Wool in Heather Gray
          
content.js:41 13
content.js:42 
            Pet Sematary "Sometimes dead is better" T-Shirt, Small, Unisex, NWT
          
content.js:41 12
content.js:42 
            Pet Sematary T-Shirt, Small, NWT
          
content.js:41 11
content.js:42 
            J.Crew Daisylace Dress in Coral
          
content.js:402 {status: 200}
content.js:402 {status: 200}
content.js:41 10
content.js:42 
            Ghostbusters Icons Argyle Plaid Bardot Swing Dress, XS
          
content.js:41 9
content.js:42 
            Pinup Couture Jenny Skirt in Mary Blair Umbrellas Print
          
content.js:41 8
content.js:42 
            Flapper Dress &amp; Headband | Black with Gold Sequins &amp; Beads | Unique Vintage
          
content.js:41 7
content.js:42 
            Guess Perforated Illusion Sleeveless Dress, Black
          
content.js:41 6
content.js:42 
            Vince Keyhole Sleeveless Shift Dress, Black
          
content.js:41 5
content.js:42 
            J. Crew 9" High-Rise Toothpick 26 in Classic Rinse wash, NWT
          
content.js:41 4
content.js:42 
            BT21 Doodles Purple Scuba Skirt (BTS)
          
content.js:41 3
content.js:42 
            Disney Heroes - Prince Phillip Action Figure - Autographed by Rubén Procopio
          
content.js:41 2
content.js:42 
            Vintage Christmas Dress, Small
          
content.js:41 1
content.js:42 
            WHBM Dalmatian, Cruella de Vil Polka Dot Tiered Pencil Skirt
          
content.js:41 0
content.js:42 
            J. Crew Autumnal Plaid Shirt with Suede Elbow Patch, Medium Tall
          
content.js:48 Uncaught TypeError: Cannot read properties of undefined (reading 'closest')
    at clickFirstShare (content.js:48:32)
    at clickFirstShare (content.js:65:3)
clickFirstShare @ content.js:48
clickFirstShare @ content.js:65
setTimeout (async)
endOrContinue @ content.js:35
setTimeout (async)
afterFirstShare @ content.js:74
clickFirstShare @ content.js:61
setTimeout (async)
endOrContinue @ content.js:35
setTimeout (async)
afterFirstShare @ content.js:74
clickFirstShare @ content.js:61
setTimeout (async)
endOrContinue @ content.js:35
setTimeout (async)
afterFirstShare @ content.js:74
clickFirstShare @ content.js:61
setTimeout (async)
endOrContinue @ content.js:35
setTimeout (async)
afterFirstShare @ content.js:74
clickFirstShare @ content.js:61
setTimeout (async)
endOrContinue @ content.js:35
setTimeout (async)
afterFirstShare @ content.js:74
clickFirstShare @ content.js:61
setTimeout (async)
endOrContinue @ content.js:35
setTimeout (async)
afterFirstShare @ content.js:74
clickFirstShare @ content.js:61
setTimeout (async)
endOrContinue @ content.js:35
setTimeout (async)
afterFirstShare @ content.js:74
clickFirstShare @ content.js:61
setTimeout (async)
endOrContinue @ content.js:35
setTimeout (async)
afterFirstShare @ content.js:74
clickFirstShare @ content.js:61
setTimeout (async)
endOrContinue @ content.js:35
setTimeout (async)
afterFirstShare @ content.js:74
clickFirstShare @ content.js:61
setTimeout (async)
endOrContinue @ content.js:35
setTimeout (async)
afterFirstShare @ content.js:74
clickFirstShare @ content.js:61
setTimeout (async)
endOrContinue @ content.js:35
setTimeout (async)
afterFirstShare @ content.js:74
clickFirstShare @ content.js:61
setTimeout (async)
endOrContinue @ content.js:35
setTimeout (async)
afterFirstShare @ content.js:74
clickFirstShare @ content.js:61
setTimeout (async)
endOrContinue @ content.js:35
setTimeout (async)
afterFirstShare @ content.js:74
clickFirstShare @ content.js:61
setTimeout (async)
endOrContinue @ content.js:35
setTimeout (async)
afterFirstShare @ content.js:74
clickFirstShare @ content.js:61
setTimeout (async)
endOrContinue @ content.js:35
setTimeout (async)
afterFirstShare @ content.js:74
clickFirstShare @ content.js:61
setTimeout (async)
endOrContinue @ content.js:35
setTimeout (async)
afterFirstShare @ content.js:74
clickFirstShare @ content.js:61
Show 50 more frames
Show less
