6511bb390640dfe25c4eaf81:77 [Deprecation] The keyword 'searchfield-cancel-button' specified to an 'appearance' property is not standardized. It will be removed in the future.
6511bb390640dfe25c4eaf81:1562 [Deprecation] The keyword 'searchfield-cancel-button' specified to an 'appearance' property is not standardized. It will be removed in the future.
gtm.js?id=GTM-WL69NPH&gtm_auth=frvvXcvTLPB7RSj2zHeAtQ&gtm_preview=env-2&gtm_cookies_win=x:536 GTM PTag v1.4; tagId: 2613101743729
td.doubleclick.net/td/rul/1008471087?random=1697131823963&cv=11&fst=1697131823963&fmt=3&bg=ffffff&guid=ON&async=1&gtm=45He3ab0&u_w=2560&u_h=1440&url=https%3A%2F%2Fposhmark.com%2Fparty%2F6511bb390640dfe25c4eaf81%3Fsort_by%3Dadded_desc%26my_size%3Dtrue&hn=www.googleadservices.com&frm=0&tiba=Premium%20Denim%3A%20FRAME%2C%20Anine%20Bing%2C%20Boyish%20%26%20More%20Posh%20Party%20on%20Poshmark&userId=ext1%3A20b5aef0-a17d-4a34-85a4-e8157b2cd76e&auid=358331957.1695831842&fledge=1&uaa=x86&uab=64&uafvl=Chromium%3B118.0.5993.70%7CGoogle%2520Chrome%3B118.0.5993.70%7CNot%253DA%253FBrand%3B99.0.0.0&uamb=0&uap=macOS&uapv=11.7.10&uaw=0&data=event%3Dlisting_view%3Becomm_pagetype%3Dlisting_details:1 In the future, Permissions Policy feature join-ad-interest-group will not be enabled by default in cross-origin iframes or same-origin iframes nested in cross-origin iframes. Calling joinAdInterestGroup will be rejected with NotAllowedError if it is not explicitly enabled
1008471087:1 In the future, Permissions Policy feature join-ad-interest-group will not be enabled by default in cross-origin iframes or same-origin iframes nested in cross-origin iframes. Calling joinAdInterestGroup will be rejected with NotAllowedError if it is not explicitly enabled
1008471087:1 In the future, Permissions Policy feature join-ad-interest-group will not be enabled by default in cross-origin iframes or same-origin iframes nested in cross-origin iframes. Calling joinAdInterestGroup will be rejected with NotAllowedError if it is not explicitly enabled
td.doubleclick.net/td/rul/1008471087?random=1697131823963&cv=11&fst=1697131823963&fmt=3&bg=ffffff&guid=ON&async=1&gtm=45He3ab0&u_w=2560&u_h=1440&url=https%3A%2F%2Fposhmark.com%2Fparty%2F6511bb390640dfe25c4eaf81%3Fsort_by%3Dadded_desc%26my_size%3Dtrue&hn=www.googleadservices.com&frm=0&tiba=Premium%20Denim%3A%20FRAME%2C%20Anine%20Bing%2C%20Boyish%20%26%20More%20Posh%20Party%20on%20Poshmark&userId=ext1%3A20b5aef0-a17d-4a34-85a4-e8157b2cd76e&auid=358331957.1695831842&fledge=1&uaa=x86&uab=64&uafvl=Chromium%3B118.0.5993.70%7CGoogle%2520Chrome%3B118.0.5993.70%7CNot%253DA%253FBrand%3B99.0.0.0&uamb=0&uap=macOS&uapv=11.7.10&uaw=0&data=event%3Dlisting_view%3Becomm_pagetype%3Dlisting_details:1 Enum executionMode used deprecated value groupByOrigin -- "dashed-naming" should be used instead of "camelCase".
1008471087:1 Enum executionMode used deprecated value groupByOrigin -- "dashed-naming" should be used instead of "camelCase".
1008471087:1 Enum executionMode used deprecated value groupByOrigin -- "dashed-naming" should be used instead of "camelCase".
1008471087:1 In the future, Permissions Policy feature join-ad-interest-group will not be enabled by default in cross-origin iframes or same-origin iframes nested in cross-origin iframes. Calling leaveAdInterestGroup will be rejected with NotAllowedError if it is not explicitly enabled
1008471087:1 In the future, Permissions Policy feature join-ad-interest-group will not be enabled by default in cross-origin iframes or same-origin iframes nested in cross-origin iframes. Calling leaveAdInterestGroup will be rejected with NotAllowedError if it is not explicitly enabled
1008471087:1 In the future, Permissions Policy feature join-ad-interest-group will not be enabled by default in cross-origin iframes or same-origin iframes nested in cross-origin iframes. Calling leaveAdInterestGroup will be rejected with NotAllowedError if it is not explicitly enabled
gtm.js?id=GTM-WL69NPH&gtm_auth=frvvXcvTLPB7RSj2zHeAtQ&gtm_preview=env-2&gtm_cookies_win=x:536 GTM PTag v1.4; tagId: 2613101743729
gtm.js?id=GTM-WL69NPH&gtm_auth=frvvXcvTLPB7RSj2zHeAtQ&gtm_preview=env-2&gtm_cookies_win=x:536 Firing Pinterest event: pagevisit
gtm.js?id=GTM-WL69NPH&gtm_auth=frvvXcvTLPB7RSj2zHeAtQ&gtm_preview=env-2&gtm_cookies_win=x:536 Event Data:
gtm.js?id=GTM-WL69NPH&gtm_auth=frvvXcvTLPB7RSj2zHeAtQ&gtm_preview=env-2&gtm_cookies_win=x:536 {np: 'gtm'}
7.54.3.js?modules=WyJhZGFnaW9CaWRBZGFwdGVyIiwiYWRrZXJuZWxCaWRBZGFwdGVyIiwiYW14QmlkQWRhcHRlciIsImFwcG5leHVzQmlkQWRhcHRlciIsImNvbnNlbnRNYW5hZ2VtZW50IiwiY29uc2VudE1hbmFnZW1lbnRVc3AiLCJlbnJpY2htZW50RnBkTW9kdWxlIiwiZ2RwckVuZm9yY2VtZW50IiwiZ3B0UHJlQXVjdGlvbiIsImluc3RpY2F0b3JCaWRBZGFwdGVyIiwia3VlZXpSdGJCaWRBZGFwdGVyIiwibWVkaWFuZXRCaWRBZGFwdGVyIiwibWludXRlbWVkaWFCaWRBZGFwdGVyIiwib2d1cnlCaWRBZGFwdGVyIiwib25ldGFnQmlkQWRhcHRlciIsInByaWNlRmxvb3JzIiwicHVibWF0aWNCaWRBZGFwdGVyIiwicHVsc2Vwb2ludEJpZEFkYXB0ZXIiLCJyaXNlQmlkQWRhcHRlciIsInJ1Ymljb25CaWRBZGFwdGVyIiwic2NoYWluIiwic2hhcmV0aHJvdWdoQmlkQWRhcHRlciIsInNtYXJ0YWRzZXJ2ZXJCaWRBZGFwdGVyIiwic292cm5CaWRBZGFwdGVyIiwidmlkYXpvb0JpZEFkYXB0ZXIiXQ%3D%3D:75 Prebid aditude.io build {includedModules: Array(28)}
content.js:641 Deprecation warning: value provided is not in a recognized RFC2822 or ISO format. moment construction falls back to js Date(), which is not reliable across all browsers and versions. Non RFC2822/ISO date formats are discouraged. Please refer to http://momentjs.com/guides/#/warnings/js-date/ for more info.
Arguments: 
[0] _isAMomentObject: true, _isUTC: false, _useUTC: false, _l: undefined, _i: 10/12/2023 10:30:22, _f: undefined, _strict: undefined, _locale: [object Object]
Error
    at Function.createFromInputFallback (chrome-extension://fehkmdemphhohcbggclooebcggikmodo/js/content.js:641:3220)
    at Di (chrome-extension://fehkmdemphhohcbggclooebcggikmodo/js/content.js:641:27731)
    at Vi (chrome-extension://fehkmdemphhohcbggclooebcggikmodo/js/content.js:641:31079)
    at $i (chrome-extension://fehkmdemphhohcbggclooebcggikmodo/js/content.js:641:30945)
    at Ui (chrome-extension://fehkmdemphhohcbggclooebcggikmodo/js/content.js:641:30663)
    at Gi (chrome-extension://fehkmdemphhohcbggclooebcggikmodo/js/content.js:641:31437)
    at Ki (chrome-extension://fehkmdemphhohcbggclooebcggikmodo/js/content.js:641:31471)
    at s (chrome-extension://fehkmdemphhohcbggclooebcggikmodo/js/content.js:641:89)
    at chrome-extension://fehkmdemphhohcbggclooebcggikmodo/js/content.js:402:30369
w @ content.js:641
(anonymous) @ content.js:641
Di @ content.js:641
Vi @ content.js:641
$i @ content.js:641
Ui @ content.js:641
Gi @ content.js:641
Ki @ content.js:641
s @ content.js:641
(anonymous) @ content.js:402
Show 10 more frames
Show less
6511bb390640dfe25c4eaf81:1 The resource https://polyfill.io/v3/polyfill.min.js?features=IntersectionObserver was preloaded using link preload but not used within a few seconds from the window's load event. Please make sure it has an appropriate `as` value and it is preloaded intentionally.
6511bb390640dfe25c4eaf81:1 The resource https://www.googletagservices.com/tag/js/gpt.js was preloaded using link preload but not used within a few seconds from the window's load event. Please make sure it has an appropriate `as` value and it is preloaded intentionally.
6511bb390640dfe25c4eaf81:1 The resource https://polyfill.io/v3/polyfill.min.js?features=IntersectionObserver was preloaded using link preload but not used within a few seconds from the window's load event. Please make sure it has an appropriate `as` value and it is preloaded intentionally.
6511bb390640dfe25c4eaf81:1 The resource https://www.googletagservices.com/tag/js/gpt.js was preloaded using link preload but not used within a few seconds from the window's load event. Please make sure it has an appropriate `as` value and it is preloaded intentionally.
